[0.031s] Invoking command in '/home/darkhorse/arduinobot_ws/src/build/arduinobot_cpp': CMAKE_PREFIX_PATH=${CMAKE_PREFIX_PATH}:/home/darkhorse/ws_moveit2/install/moveit_configs_utils:/home/darkhorse/ws_moveit2/install/launch_param_builder:/home/darkhorse/ws_moveit/install/moveit_configs_utils:/home/darkhorse/ws_moveit/install/launch_param_builder:/opt/ros/humble /usr/bin/cmake /home/darkhorse/arduinobot_ws/src/arduinobot_cpp -DAMENT_CMAKE_SYMLINK_INSTALL=1 -DCMAKE_INSTALL_PREFIX=/home/darkhorse/arduinobot_ws/src/install/arduinobot_cpp
[0.091s] -- The C compiler identification is GNU 11.4.0
[0.144s] -- The CXX compiler identification is GNU 11.4.0
[0.151s] -- Detecting C compiler ABI info
[0.228s] -- Detecting C compiler ABI info - done
[0.234s] -- Check for working C compiler: /usr/bin/cc - skipped
[0.234s] -- Detecting C compile features
[0.235s] -- Detecting C compile features - done
[0.237s] -- Detecting CXX compiler ABI info
[0.320s] -- Detecting CXX compiler ABI info - done
[0.327s] -- Check for working CXX compiler: /usr/bin/c++ - skipped
[0.327s] -- Detecting CXX compile features
[0.327s] -- Detecting CXX compile features - done
[0.339s] -- Found ament_cmake: 1.3.11 (/opt/ros/humble/share/ament_cmake/cmake)
[0.517s] -- Found Python3: /usr/bin/python3 (found version "3.10.12") found components: Interpreter 
[0.576s] -- Override CMake install command with custom implementation using symlinks instead of copying resources
[0.695s] -- Found ament_lint_auto: 0.12.12 (/opt/ros/humble/share/ament_lint_auto/cmake)
[0.823s] -- Added test 'lint_cmake' to check CMake code style
[0.825s] -- Added test 'xmllint' to check XML markup files
[0.829s] -- Configuring done
[0.831s] -- Generating done
[0.832s] -- Build files have been written to: /home/darkhorse/arduinobot_ws/src/build/arduinobot_cpp
[0.836s] Invoked command in '/home/darkhorse/arduinobot_ws/src/build/arduinobot_cpp' returned '0': CMAKE_PREFIX_PATH=${CMAKE_PREFIX_PATH}:/home/darkhorse/ws_moveit2/install/moveit_configs_utils:/home/darkhorse/ws_moveit2/install/launch_param_builder:/home/darkhorse/ws_moveit/install/moveit_configs_utils:/home/darkhorse/ws_moveit/install/launch_param_builder:/opt/ros/humble /usr/bin/cmake /home/darkhorse/arduinobot_ws/src/arduinobot_cpp -DAMENT_CMAKE_SYMLINK_INSTALL=1 -DCMAKE_INSTALL_PREFIX=/home/darkhorse/arduinobot_ws/src/install/arduinobot_cpp
[0.837s] Invoking command in '/home/darkhorse/arduinobot_ws/src/build/arduinobot_cpp': CMAKE_PREFIX_PATH=${CMAKE_PREFIX_PATH}:/home/darkhorse/ws_moveit2/install/moveit_configs_utils:/home/darkhorse/ws_moveit2/install/launch_param_builder:/home/darkhorse/ws_moveit/install/moveit_configs_utils:/home/darkhorse/ws_moveit/install/launch_param_builder:/opt/ros/humble /usr/bin/cmake --build /home/darkhorse/arduinobot_ws/src/build/arduinobot_cpp -- -j8 -l8
[0.884s] Invoked command in '/home/darkhorse/arduinobot_ws/src/build/arduinobot_cpp' returned '0': CMAKE_PREFIX_PATH=${CMAKE_PREFIX_PATH}:/home/darkhorse/ws_moveit2/install/moveit_configs_utils:/home/darkhorse/ws_moveit2/install/launch_param_builder:/home/darkhorse/ws_moveit/install/moveit_configs_utils:/home/darkhorse/ws_moveit/install/launch_param_builder:/opt/ros/humble /usr/bin/cmake --build /home/darkhorse/arduinobot_ws/src/build/arduinobot_cpp -- -j8 -l8
[0.896s] Invoking command in '/home/darkhorse/arduinobot_ws/src/build/arduinobot_cpp': CMAKE_PREFIX_PATH=${CMAKE_PREFIX_PATH}:/home/darkhorse/ws_moveit2/install/moveit_configs_utils:/home/darkhorse/ws_moveit2/install/launch_param_builder:/home/darkhorse/ws_moveit/install/moveit_configs_utils:/home/darkhorse/ws_moveit/install/launch_param_builder:/opt/ros/humble /usr/bin/cmake --install /home/darkhorse/arduinobot_ws/src/build/arduinobot_cpp
[0.905s] -- Install configuration: ""
[0.905s] -- Execute custom install script
[0.905s] -- Symlinking: /home/darkhorse/arduinobot_ws/src/install/arduinobot_cpp/share/ament_index/resource_index/package_run_dependencies/arduinobot_cpp
[0.918s] -- Symlinking: /home/darkhorse/arduinobot_ws/src/install/arduinobot_cpp/share/ament_index/resource_index/parent_prefix_path/arduinobot_cpp
[0.930s] -- Symlinking: /home/darkhorse/arduinobot_ws/src/install/arduinobot_cpp/share/arduinobot_cpp/environment/ament_prefix_path.sh
[0.941s] -- Symlinking: /home/darkhorse/arduinobot_ws/src/install/arduinobot_cpp/share/arduinobot_cpp/environment/ament_prefix_path.dsv
[0.953s] -- Symlinking: /home/darkhorse/arduinobot_ws/src/install/arduinobot_cpp/share/arduinobot_cpp/environment/path.sh
[0.963s] -- Symlinking: /home/darkhorse/arduinobot_ws/src/install/arduinobot_cpp/share/arduinobot_cpp/environment/path.dsv
[0.974s] -- Symlinking: /home/darkhorse/arduinobot_ws/src/install/arduinobot_cpp/share/arduinobot_cpp/local_setup.bash
[0.985s] -- Symlinking: /home/darkhorse/arduinobot_ws/src/install/arduinobot_cpp/share/arduinobot_cpp/local_setup.sh
[0.997s] -- Symlinking: /home/darkhorse/arduinobot_ws/src/install/arduinobot_cpp/share/arduinobot_cpp/local_setup.zsh
[1.008s] -- Symlinking: /home/darkhorse/arduinobot_ws/src/install/arduinobot_cpp/share/arduinobot_cpp/local_setup.dsv
[1.019s] -- Symlinking: /home/darkhorse/arduinobot_ws/src/install/arduinobot_cpp/share/arduinobot_cpp/package.dsv
[1.030s] -- Symlinking: /home/darkhorse/arduinobot_ws/src/install/arduinobot_cpp/share/ament_index/resource_index/packages/arduinobot_cpp
[1.042s] -- Symlinking: /home/darkhorse/arduinobot_ws/src/install/arduinobot_cpp/share/arduinobot_cpp/cmake/arduinobot_cppConfig.cmake
[1.053s] -- Symlinking: /home/darkhorse/arduinobot_ws/src/install/arduinobot_cpp/share/arduinobot_cpp/cmake/arduinobot_cppConfig-version.cmake
[1.065s] -- Symlinking: /home/darkhorse/arduinobot_ws/src/install/arduinobot_cpp/share/arduinobot_cpp/package.xml
[1.091s] Invoked command in '/home/darkhorse/arduinobot_ws/src/build/arduinobot_cpp' returned '0': CMAKE_PREFIX_PATH=${CMAKE_PREFIX_PATH}:/home/darkhorse/ws_moveit2/install/moveit_configs_utils:/home/darkhorse/ws_moveit2/install/launch_param_builder:/home/darkhorse/ws_moveit/install/moveit_configs_utils:/home/darkhorse/ws_moveit/install/launch_param_builder:/opt/ros/humble /usr/bin/cmake --install /home/darkhorse/arduinobot_ws/src/build/arduinobot_cpp
