[0.017s] Invoking command in '/home/darkhorse/arduinobot_ws/src/build/arduinobot_py': CMAKE_PREFIX_PATH=${CMAKE_PREFIX_PATH}:/home/darkhorse/ws_moveit2/install/moveit_configs_utils:/home/darkhorse/ws_moveit2/install/launch_param_builder:/home/darkhorse/ws_moveit/install/moveit_configs_utils:/home/darkhorse/ws_moveit/install/launch_param_builder:/opt/ros/humble /usr/bin/cmake /home/darkhorse/arduinobot_ws/src/arduinobot_py -DAMENT_CMAKE_SYMLINK_INSTALL=1 -DCMAKE_INSTALL_PREFIX=/home/darkhorse/arduinobot_ws/src/install/arduinobot_py
[0.079s] -- The C compiler identification is GNU 11.4.0
[0.132s] -- The CXX compiler identification is GNU 11.4.0
[0.141s] -- Detecting C compiler ABI info
[0.219s] -- Detecting C compiler ABI info - done
[0.225s] -- Check for working C compiler: /usr/bin/cc - skipped
[0.226s] -- Detecting C compile features
[0.226s] -- Detecting C compile features - done
[0.228s] -- Detecting CXX compiler ABI info
[0.313s] -- Detecting CXX compiler ABI info - done
[0.324s] -- Check for working CXX compiler: /usr/bin/c++ - skipped
[0.324s] -- Detecting CXX compile features
[0.325s] -- Detecting CXX compile features - done
[0.341s] -- Found ament_cmake: 1.3.11 (/opt/ros/humble/share/ament_cmake/cmake)
[0.516s] -- Found Python3: /usr/bin/python3 (found version "3.10.12") found components: Interpreter 
[0.577s] -- Override CMake install command with custom implementation using symlinks instead of copying resources
[0.682s] -- Found ament_lint_auto: 0.12.12 (/opt/ros/humble/share/ament_lint_auto/cmake)
[0.802s] -- Added test 'lint_cmake' to check CMake code style
[0.804s] -- Added test 'xmllint' to check XML markup files
[0.808s] -- Configuring done
[0.810s] -- Generating done
[0.811s] -- Build files have been written to: /home/darkhorse/arduinobot_ws/src/build/arduinobot_py
[0.815s] Invoked command in '/home/darkhorse/arduinobot_ws/src/build/arduinobot_py' returned '0': CMAKE_PREFIX_PATH=${CMAKE_PREFIX_PATH}:/home/darkhorse/ws_moveit2/install/moveit_configs_utils:/home/darkhorse/ws_moveit2/install/launch_param_builder:/home/darkhorse/ws_moveit/install/moveit_configs_utils:/home/darkhorse/ws_moveit/install/launch_param_builder:/opt/ros/humble /usr/bin/cmake /home/darkhorse/arduinobot_ws/src/arduinobot_py -DAMENT_CMAKE_SYMLINK_INSTALL=1 -DCMAKE_INSTALL_PREFIX=/home/darkhorse/arduinobot_ws/src/install/arduinobot_py
[0.816s] Invoking command in '/home/darkhorse/arduinobot_ws/src/build/arduinobot_py': CMAKE_PREFIX_PATH=${CMAKE_PREFIX_PATH}:/home/darkhorse/ws_moveit2/install/moveit_configs_utils:/home/darkhorse/ws_moveit2/install/launch_param_builder:/home/darkhorse/ws_moveit/install/moveit_configs_utils:/home/darkhorse/ws_moveit/install/launch_param_builder:/opt/ros/humble /usr/bin/cmake --build /home/darkhorse/arduinobot_ws/src/build/arduinobot_py -- -j8 -l8
[0.877s] Invoked command in '/home/darkhorse/arduinobot_ws/src/build/arduinobot_py' returned '0': CMAKE_PREFIX_PATH=${CMAKE_PREFIX_PATH}:/home/darkhorse/ws_moveit2/install/moveit_configs_utils:/home/darkhorse/ws_moveit2/install/launch_param_builder:/home/darkhorse/ws_moveit/install/moveit_configs_utils:/home/darkhorse/ws_moveit/install/launch_param_builder:/opt/ros/humble /usr/bin/cmake --build /home/darkhorse/arduinobot_ws/src/build/arduinobot_py -- -j8 -l8
[0.878s] Invoking command in '/home/darkhorse/arduinobot_ws/src/build/arduinobot_py': CMAKE_PREFIX_PATH=${CMAKE_PREFIX_PATH}:/home/darkhorse/ws_moveit2/install/moveit_configs_utils:/home/darkhorse/ws_moveit2/install/launch_param_builder:/home/darkhorse/ws_moveit/install/moveit_configs_utils:/home/darkhorse/ws_moveit/install/launch_param_builder:/opt/ros/humble /usr/bin/cmake --install /home/darkhorse/arduinobot_ws/src/build/arduinobot_py
[0.888s] -- Install configuration: ""
[0.889s] -- Execute custom install script
[0.889s] -- Symlinking: /home/darkhorse/arduinobot_ws/src/install/arduinobot_py/share/ament_index/resource_index/package_run_dependencies/arduinobot_py
[0.900s] -- Symlinking: /home/darkhorse/arduinobot_ws/src/install/arduinobot_py/share/ament_index/resource_index/parent_prefix_path/arduinobot_py
[0.911s] -- Symlinking: /home/darkhorse/arduinobot_ws/src/install/arduinobot_py/share/arduinobot_py/environment/ament_prefix_path.sh
[0.922s] -- Symlinking: /home/darkhorse/arduinobot_ws/src/install/arduinobot_py/share/arduinobot_py/environment/ament_prefix_path.dsv
[0.933s] -- Symlinking: /home/darkhorse/arduinobot_ws/src/install/arduinobot_py/share/arduinobot_py/environment/path.sh
[0.944s] -- Symlinking: /home/darkhorse/arduinobot_ws/src/install/arduinobot_py/share/arduinobot_py/environment/path.dsv
[0.955s] -- Symlinking: /home/darkhorse/arduinobot_ws/src/install/arduinobot_py/share/arduinobot_py/local_setup.bash
[0.966s] -- Symlinking: /home/darkhorse/arduinobot_ws/src/install/arduinobot_py/share/arduinobot_py/local_setup.sh
[0.977s] -- Symlinking: /home/darkhorse/arduinobot_ws/src/install/arduinobot_py/share/arduinobot_py/local_setup.zsh
[0.989s] -- Symlinking: /home/darkhorse/arduinobot_ws/src/install/arduinobot_py/share/arduinobot_py/local_setup.dsv
[1.000s] -- Symlinking: /home/darkhorse/arduinobot_ws/src/install/arduinobot_py/share/arduinobot_py/package.dsv
[1.011s] -- Symlinking: /home/darkhorse/arduinobot_ws/src/install/arduinobot_py/share/ament_index/resource_index/packages/arduinobot_py
[1.023s] -- Symlinking: /home/darkhorse/arduinobot_ws/src/install/arduinobot_py/share/arduinobot_py/cmake/arduinobot_pyConfig.cmake
[1.034s] -- Symlinking: /home/darkhorse/arduinobot_ws/src/install/arduinobot_py/share/arduinobot_py/cmake/arduinobot_pyConfig-version.cmake
[1.045s] -- Symlinking: /home/darkhorse/arduinobot_ws/src/install/arduinobot_py/share/arduinobot_py/package.xml
[1.058s] Invoked command in '/home/darkhorse/arduinobot_ws/src/build/arduinobot_py' returned '0': CMAKE_PREFIX_PATH=${CMAKE_PREFIX_PATH}:/home/darkhorse/ws_moveit2/install/moveit_configs_utils:/home/darkhorse/ws_moveit2/install/launch_param_builder:/home/darkhorse/ws_moveit/install/moveit_configs_utils:/home/darkhorse/ws_moveit/install/launch_param_builder:/opt/ros/humble /usr/bin/cmake --install /home/darkhorse/arduinobot_ws/src/build/arduinobot_py
