[0.023s] Invoking command in '/home/darkhorse/arduinobot_ws/src/build/arduinobot_description': CMAKE_PREFIX_PATH=${CMAKE_PREFIX_PATH}:/home/darkhorse/ws_moveit2/install/moveit_configs_utils:/home/darkhorse/ws_moveit2/install/launch_param_builder:/home/darkhorse/ws_moveit/install/moveit_configs_utils:/home/darkhorse/ws_moveit/install/launch_param_builder:/opt/ros/humble /usr/bin/cmake /home/darkhorse/arduinobot_ws/src/arduinobot_description -DAMENT_CMAKE_SYMLINK_INSTALL=1 -DCMAKE_INSTALL_PREFIX=/home/darkhorse/arduinobot_ws/src/install/arduinobot_description
[0.080s] -- The C compiler identification is GNU 11.4.0
[0.135s] -- The CXX compiler identification is GNU 11.4.0
[0.142s] -- Detecting C compiler ABI info
[0.218s] -- Detecting C compiler ABI info - done
[0.229s] -- Check for working C compiler: /usr/bin/cc - skipped
[0.230s] -- Detecting C compile features
[0.230s] -- Detecting C compile features - done
[0.234s] -- Detecting CXX compiler ABI info
[0.322s] -- Detecting CXX compiler ABI info - done
[0.333s] -- Check for working CXX compiler: /usr/bin/c++ - skipped
[0.334s] -- Detecting CXX compile features
[0.334s] -- Detecting CXX compile features - done
[0.351s] -- Found ament_cmake: 1.3.11 (/opt/ros/humble/share/ament_cmake/cmake)
[0.531s] -- Found Python3: /usr/bin/python3 (found version "3.10.12") found components: Interpreter 
[0.590s] -- Override CMake install command with custom implementation using symlinks instead of copying resources
[0.707s] -- Found ament_lint_auto: 0.12.12 (/opt/ros/humble/share/ament_lint_auto/cmake)
[0.842s] -- Added test 'flake8' to check Python code syntax and style conventions
[0.844s] -- Added test 'lint_cmake' to check CMake code style
[0.845s] -- Added test 'pep257' to check Python code against some of the docstring style conventions in PEP 257
[0.848s] -- Added test 'xmllint' to check XML markup files
[0.851s] -- Configuring done
[0.853s] -- Generating done
[0.854s] -- Build files have been written to: /home/darkhorse/arduinobot_ws/src/build/arduinobot_description
[0.858s] Invoked command in '/home/darkhorse/arduinobot_ws/src/build/arduinobot_description' returned '0': CMAKE_PREFIX_PATH=${CMAKE_PREFIX_PATH}:/home/darkhorse/ws_moveit2/install/moveit_configs_utils:/home/darkhorse/ws_moveit2/install/launch_param_builder:/home/darkhorse/ws_moveit/install/moveit_configs_utils:/home/darkhorse/ws_moveit/install/launch_param_builder:/opt/ros/humble /usr/bin/cmake /home/darkhorse/arduinobot_ws/src/arduinobot_description -DAMENT_CMAKE_SYMLINK_INSTALL=1 -DCMAKE_INSTALL_PREFIX=/home/darkhorse/arduinobot_ws/src/install/arduinobot_description
[0.859s] Invoking command in '/home/darkhorse/arduinobot_ws/src/build/arduinobot_description': CMAKE_PREFIX_PATH=${CMAKE_PREFIX_PATH}:/home/darkhorse/ws_moveit2/install/moveit_configs_utils:/home/darkhorse/ws_moveit2/install/launch_param_builder:/home/darkhorse/ws_moveit/install/moveit_configs_utils:/home/darkhorse/ws_moveit/install/launch_param_builder:/opt/ros/humble /usr/bin/cmake --build /home/darkhorse/arduinobot_ws/src/build/arduinobot_description -- -j8 -l8
[0.908s] Invoked command in '/home/darkhorse/arduinobot_ws/src/build/arduinobot_description' returned '0': CMAKE_PREFIX_PATH=${CMAKE_PREFIX_PATH}:/home/darkhorse/ws_moveit2/install/moveit_configs_utils:/home/darkhorse/ws_moveit2/install/launch_param_builder:/home/darkhorse/ws_moveit/install/moveit_configs_utils:/home/darkhorse/ws_moveit/install/launch_param_builder:/opt/ros/humble /usr/bin/cmake --build /home/darkhorse/arduinobot_ws/src/build/arduinobot_description -- -j8 -l8
[0.909s] Invoking command in '/home/darkhorse/arduinobot_ws/src/build/arduinobot_description': CMAKE_PREFIX_PATH=${CMAKE_PREFIX_PATH}:/home/darkhorse/ws_moveit2/install/moveit_configs_utils:/home/darkhorse/ws_moveit2/install/launch_param_builder:/home/darkhorse/ws_moveit/install/moveit_configs_utils:/home/darkhorse/ws_moveit/install/launch_param_builder:/opt/ros/humble /usr/bin/cmake --install /home/darkhorse/arduinobot_ws/src/build/arduinobot_description
[0.919s] -- Install configuration: ""
[0.919s] -- Execute custom install script
[0.920s] -- Symlinking: /home/darkhorse/arduinobot_ws/src/install/arduinobot_description/share/arduinobot_description/meshes/base_link.STL
[0.931s] -- Symlinking: /home/darkhorse/arduinobot_ws/src/install/arduinobot_description/share/arduinobot_description/meshes/gripper_1.STL
[0.942s] -- Symlinking: /home/darkhorse/arduinobot_ws/src/install/arduinobot_description/share/arduinobot_description/meshes/gripper_2.STL
[0.953s] -- Symlinking: /home/darkhorse/arduinobot_ws/src/install/arduinobot_description/share/arduinobot_description/meshes/link_1.STL
[0.964s] -- Symlinking: /home/darkhorse/arduinobot_ws/src/install/arduinobot_description/share/arduinobot_description/meshes/link_2.STL
[0.975s] -- Symlinking: /home/darkhorse/arduinobot_ws/src/install/arduinobot_description/share/arduinobot_description/meshes/link_3.STL
[0.986s] -- Symlinking: /home/darkhorse/arduinobot_ws/src/install/arduinobot_description/share/arduinobot_description/meshes/link_4.STL
[0.998s] -- Symlinking: /home/darkhorse/arduinobot_ws/src/install/arduinobot_description/share/arduinobot_description/urdf/robot.urdf.xacro
[1.009s] -- Symlinking: /home/darkhorse/arduinobot_ws/src/install/arduinobot_description/share/arduinobot_description/urdf/robot_core.xacro
[1.020s] -- Symlinking: /home/darkhorse/arduinobot_ws/src/install/arduinobot_description/share/arduinobot_description/urdf/robotic_arm.urdf
[1.032s] -- Symlinking: /home/darkhorse/arduinobot_ws/src/install/arduinobot_description/share/arduinobot_description/urdf/robotic_arm_urdf.csv
[1.043s] -- Symlinking: /home/darkhorse/arduinobot_ws/src/install/arduinobot_description/share/arduinobot_description/launch/display.launch.py
[1.055s] -- Symlinking: /home/darkhorse/arduinobot_ws/src/install/arduinobot_description/share/ament_index/resource_index/package_run_dependencies/arduinobot_description
[1.066s] -- Symlinking: /home/darkhorse/arduinobot_ws/src/install/arduinobot_description/share/ament_index/resource_index/parent_prefix_path/arduinobot_description
[1.078s] -- Symlinking: /home/darkhorse/arduinobot_ws/src/install/arduinobot_description/share/arduinobot_description/environment/ament_prefix_path.sh
[1.092s] -- Symlinking: /home/darkhorse/arduinobot_ws/src/install/arduinobot_description/share/arduinobot_description/environment/ament_prefix_path.dsv
[1.102s] -- Symlinking: /home/darkhorse/arduinobot_ws/src/install/arduinobot_description/share/arduinobot_description/environment/path.sh
[1.114s] -- Symlinking: /home/darkhorse/arduinobot_ws/src/install/arduinobot_description/share/arduinobot_description/environment/path.dsv
[1.124s] -- Symlinking: /home/darkhorse/arduinobot_ws/src/install/arduinobot_description/share/arduinobot_description/local_setup.bash
[1.135s] -- Symlinking: /home/darkhorse/arduinobot_ws/src/install/arduinobot_description/share/arduinobot_description/local_setup.sh
[1.145s] -- Symlinking: /home/darkhorse/arduinobot_ws/src/install/arduinobot_description/share/arduinobot_description/local_setup.zsh
[1.155s] -- Symlinking: /home/darkhorse/arduinobot_ws/src/install/arduinobot_description/share/arduinobot_description/local_setup.dsv
[1.165s] -- Symlinking: /home/darkhorse/arduinobot_ws/src/install/arduinobot_description/share/arduinobot_description/package.dsv
[1.175s] -- Symlinking: /home/darkhorse/arduinobot_ws/src/install/arduinobot_description/share/ament_index/resource_index/packages/arduinobot_description
[1.186s] -- Symlinking: /home/darkhorse/arduinobot_ws/src/install/arduinobot_description/share/arduinobot_description/cmake/arduinobot_descriptionConfig.cmake
[1.196s] -- Symlinking: /home/darkhorse/arduinobot_ws/src/install/arduinobot_description/share/arduinobot_description/cmake/arduinobot_descriptionConfig-version.cmake
[1.206s] -- Symlinking: /home/darkhorse/arduinobot_ws/src/install/arduinobot_description/share/arduinobot_description/package.xml
[1.219s] Invoked command in '/home/darkhorse/arduinobot_ws/src/build/arduinobot_description' returned '0': CMAKE_PREFIX_PATH=${CMAKE_PREFIX_PATH}:/home/darkhorse/ws_moveit2/install/moveit_configs_utils:/home/darkhorse/ws_moveit2/install/launch_param_builder:/home/darkhorse/ws_moveit/install/moveit_configs_utils:/home/darkhorse/ws_moveit/install/launch_param_builder:/opt/ros/humble /usr/bin/cmake --install /home/darkhorse/arduinobot_ws/src/build/arduinobot_description
